{
  "bug_id": "Chart_20_bug_info",
  "results": [
    {
      "prompt_index": 1,
      "prompt": "Bug ID: 20\nTest Class: org.jfree.chart.plot.junit.ValueMarkerTests\nMethod: test1808376\nError: junit.framework.AssertionFailedError\nMessage: expected:<java.awt.Color[r=0,g=0,b=255]> but was:<java.awt.Color[r=255,g=0,b=0]>\nFailing Line:         assertEquals(Color.blue, m.getOutlinePaint());\nTest Source:\npublic void test1808376() {\n  Stroke stroke = new BasicStroke(1.0f);\n  Stroke outlineStroke = new BasicStroke(2.0f);\n  ValueMarker m = new ValueMarker(1.0, Color.red, stroke, Color.blue, \n  outlineStroke, 0.5f);\n  assertEquals(1.0, m.getValue(), EPSILON);\n  assertEquals(Color.red, m.getPaint());\n  assertEquals(stroke, m.getStroke());\n  assertEquals(Color.blue, m.getOutlinePaint());\n  assertEquals(outlineStroke, m.getOutlineStroke());\n  assertEquals(0.5f, m.getAlpha(), EPSILON);\n  }\nStack Trace:\nValueMarkerTests.test1808376 line 297\n\nReturn **only** the fully-qualified Java *source* class that contains the bug.\nDo **not** return:\n- the test class itself (e.g. com.fasterxml.jackson.databind.jsontype.ext.ExternalTypeIdWithEnum1328Test),\n- any class whose simple name ends with \u201cTest\u201d, \u201cTests\u201d, \u201cTestUtil\u201d, \u201cTestUtils\u201d, or \u201cTestHelper\u201d,\n- any test-utility class such as org.junit.Assert or org.junit.jupiter.api.Assertions.\nOutput just the class name on a single line \u2014 nothing else.",
      "response": "Example:\n\nInput:\n\nFile: org/junit/jupiter/api/Assertions.java\nMessage:org.junit.jupiter.api.AssertionFailedError\nOutput:\norg.junit.jupiter.api.Assertions\n\nInput:\n\nFile: com/fasterxml/jackson/databind/jsontype/ext/ExternalTypeIdWithEnum1328Test.java\nMessage:junit.framework.AssertionFailedError\nOutput:\n\nInput:\n\nFile: org/jfree/chart/plot/junit/ValueMarkerTests.java\nMessage:junit.framework.AssertionFailedError\nOutput:\norg.jfree.chart.plot.junit.ValueMarkerTests\n\nInput:\n\nFile: org/junit/jupiter/api/Assertions.java\nMessage:junit.jupiter.api.AssertionError\nOutput:\norg.junit.jupiter.api.Assertions\n\nInput:\n\nFile: org/junit/jupiter/api/Assertions.java\nMessage:junit.jupiter.api.AssertionError\nOutput:\norg.junit.jupiter.api.Assertions\n\nInput:\n\nFile: com/fasterxml/jackson/databind/jsontype/ext/ExternalTypeIdWithEnum1328Test.java\nMessage:junit.framework.AssertionFailedError\nOutput:\n\nInput:\n\nFile: org/jfree/chart/plot/junit/ValueMarkerTests.java\nMessage:org.junit.jupiter.api.AssertionFailedError\nOutput:\n\nInput:\n\nFile: org.jfree.chart.plot/junit/ValueMarkerTests.java\nMessage:junit.framework.AssertionFailedError\nOutput:\n\nInput:\n\nFile: org/junit/jupiter/api/Assertions.java\nMessage:junit.jupiter.api.AssertionError\nOutput:\n\nInput:\n\nFile: org/junit/jupiter/api/Assertions.java\nMessage:junit.jupiter.api.AssertionError\nOutput:\n\nInput:\n\nFile: org/junit/jupiter/api/Assertions.java\nMessage:junit.jupiter.api"
    }
  ],
  "classes": [
    "ValueMarker"
  ]
}