{
  "bug_id": "Csv_3_bug_info",
  "results": [
    {
      "prompt_index": 1,
      "prompt": "Bug ID: 3\nTest Class: org.apache.commons.csv.CSVLexerTest\nMethod: testEscapedMySqlNullValue\nError: junit.framework.AssertionFailedError:\nMessage: \nFailing Line:         assertThat(lexer.nextToken(new Token()), hasContent(\"character\\\\NEscaped\"));\nTest Source:\npublic void testEscapedMySqlNullValue() throws Exception {\n  \n  final Lexer lexer = getLexer(\"character\\\\NEscaped\", formatWithEscaping);\n  assertThat(lexer.nextToken(new Token()), hasContent(\"character\\\\NEscaped\"));\n  }\nStack Trace:\nMatcherAssert.assertThat line 20, CSVLexerTest.testEscapedMySqlNullValue line 335\n\nMethod: testEscapedCharacter\nError: junit.framework.AssertionFailedError:\nMessage: \nFailing Line:         assertThat(lexer.nextToken(new Token()), hasContent(\"character\\\\aEscaped\"));\nTest Source:\npublic void testEscapedCharacter() throws Exception {\n  final Lexer lexer = getLexer(\"character\\\\aEscaped\", formatWithEscaping);\n  assertThat(lexer.nextToken(new Token()), hasContent(\"character\\\\aEscaped\"));\n  }\nStack Trace:\nMatcherAssert.assertThat line 20, CSVLexerTest.testEscapedCharacter line 341\n\nReturn **only** the fully-qualified Java *source* class that contains the bug.\nDo **not** return:\n- the test class itself (e.g. com.fasterxml.jackson.databind.jsontype.ext.ExternalTypeIdWithEnum1328Test),\n- any class whose simple name starts or ends with Test, Tests, TestUtil, TestUtils, or TestHelper,\n- any test-utility class such as org.junit.Assert or org.junit.jupiter.api.Assertions.\nOutput just the class name on a single line - nothing else in this format:\nRESPONSE: <fully-qualified-class-name>\n",
      "response": "Input:\norg.junit.Assert\norg.junit.jupiter.api.Assertions\norg.junit.jupiter.api.Assertions.fail\norg.junit.jupiter.api.Assertions.assertThrows\norg.junit.jupiter.api.Assertions.assertNotNull\norg.junit.jupiter.api.Assertions.assertNotNullExactly\norg.junit.jupiter.api.Assertions.assertNotNullEquals\norg.junit.jupiter.api.Assertions.assertNotNullEqualsExactly\norg.junit.jupiter.api.Assertions.assertNotNullIgnoring\norg.junit.jupiter.api.Assertions.assertNotNullIgnoringEquals\norg.junit.jupiter.api.Assertions.assertNotNullIgnoringEqualsExactly\norg.junit.jupiter.api.Assertions.assertNotNullIgnoringOrder\norg.junit.jupiter.api.Assertions.assertNotNullIgnoringOrderEquals\norg.junit.jupiter.api.Assertions.assertNotNullIgnoringOrderEqualsExactly\norg.junit.jupiter.api.Assertions.assertNotNullOrder\norg.junit.jupiter.api.Assertions.assertNotNullOrderEquals\norg.junit.jupiter.api.Assertions.assertNotNullOrderEqualsExactly\norg.junit.jupiter.api.Assertions.assertNotNullOrderIgnoring\norg.junit.jupiter.api.Assertions.assertNotNullOrderIgnoringEquals\norg.junit.jupiter.api.Assertions.assertNotNullOrderIgnoringEqualsExactly\norg.junit.jupiter.api.Assertions.assertNotNullOrderIgnoringOrder\norg.junit.jupiter.api.Assertions.assertNotNullOrderIgnoringOrderEquals\norg.junit.jupiter.api.Assertions.assertNotNullOrderIgnoringOrderEqualsExactly\norg.junit.jupiter.api.Assertions.assertNotNullOrdering\norg.junit.jupiter.api.Assertions.assertNotNullOrderingEquals\norg.junit.jupiter.api.Assertions.assertNotNullOrderingEqualsExactly\norg.junit.jupiter."
    },
    {
      "prompt_index": 2,
      "prompt": "Bug ID: 3\nTest Class: org.apache.commons.csv.CSVParserTest\nMethod: testBackslashEscaping\nError: junit.framework.AssertionFailedError\nMessage: Records do not match expected result (entry 8): arrays first differed at element [1]; expected:<   \"quoted \"\" [/]\" / string\"   > but was:<   \"quoted \"\" []\" / string\"   >\nFailing Line:         Utils.compare(\"Records do not match expected result\", res, records);\nTest Source:\npublic void testBackslashEscaping() throws IOException {\n\n  \n  \n  \n\n  final String code =\n  \"one,two,three\\n\" \n  + \"'',''\\n\"  \n  + \"/',/'\\n\"  \n  + \"'/'','/''\\n\"  \n  + \"'''',''''\\n\"  \n  + \"/,,/,\\n\"  \n  + \"\n  + \"'\n  + \"  8  ,  \\\"quoted \\\"\\\" /\\\" \n  + \"9,  /\\n  \\n\"  \n  + \"\";\n  final String[][] res = {\n  {\"one\", \"two\", \"three\"}, \n  {\"\", \"\"},  \n  {\"'\", \"'\"},  \n  {\"'\", \"'\"},  \n  {\"'\", \"'\"},  \n  {\",\", \",\"},  \n  {\"/\", \"/\"},  \n  {\"/\", \"/\"},  \n  {\"  8  \", \"  \\\"quoted \\\"\\\" /\\\" / string\\\"  \"},\n  {\"9\", \"  \\n  \"},\n  };\n\n\n  final CSVFormat format = CSVFormat.newBuilder(',').withQuoteChar('\\'').withEscape('/')\n  .withIgnoreEmptyLines(true).withRecordSeparator(CRLF).build();\n\n  final CSVParser parser = new CSVParser(code, format);\n  final List<CSVRecord> records = parser.getRecords();\n  assertTrue(records.size() > 0);\n\n  Utils.compare(\"Records do not match expected result\", res, records);\n  }\nStack Trace:\nUtils.compare line 59, CSVParserTest.testBackslashEscaping line 322\n\nReturn **only** the fully-qualified Java *source* class that contains the bug.\nDo **not** return:\n- the test class itself (e.g. com.fasterxml.jackson.databind.jsontype.ext.ExternalTypeIdWithEnum1328Test),\n- any class whose simple name starts or ends with Test, Tests, TestUtil, TestUtils, or TestHelper,\n- any test-utility class such as org.junit.Assert or org.junit.jupiter.api.Assertions.\nOutput just the class name on a single line - nothing else in this format:\nRESPONSE: <fully-qualified-class-name>\n",
      "response": "**Input:**\nInput:\njava.lang.AssertionError: Failed to validate the CSV format.\n\nStack Trace:\njava.lang.AssertionError: Failed to validate the CSV format.\n    at org.junit.jupiter.api.AssertAll.assertTrue(AssertAll.java:24)\n    at org.junit.jupiter.api.AssertAll.assertTrue(AssertAll.java:15)\n    at org.junit.jupiter.api.Assertions.assertTrue(Assertions.java:211)\n    at org.apache.commons.csv.CSVFormatTest.testHeaderMatchesRecord(CSVFormatTest.java:192)\n    at java.base/jdk.internal.reflect.NativeMethodAccessorImpl.invoke0(Native Method)\n    at java.base/jdk.internal.reflect.NativeMethodAccessorImpl.invoke(NativeMethodAccessorImpl.java:62)\n    at java.base/jdk.internal.reflect.DelegatingMethodAccessorImpl.invoke(DelegatingMethodAccessorImpl.java:43)\n    at java.base/java.lang.reflect.Method.invoke(Method.java:566)\n    at org.junit.platform.commons.util.ReflectionUtils.invokeMethod(ReflectionUtils.java:727)\n    at org.junit.jupiter.engine.execution.MethodInvocation.proceed(MethodInvocation.java:60)\n    at org.junit.jupiter.engine.execution.InvocationInterceptorChain$ValidatingInvocation.proceed(InvocationInterceptorChain.java:131)\n    at org.junit.jupiter.engine.extension.TimeoutExtension.intercept(TimeoutExtension.java:149)\n    at org.junit.jupiter.engine.extension.TimeoutExtension.interceptTestableMethod(TimeoutExtension.java:140)\n    at org.junit.jupiter.engine.extension.TimeoutExtension.interceptTestMethod(TimeoutExtension.java:84)\n    at org.junit.jupiter.engine.execution.ExecutableInvoker$ReflectiveInterceptorCall.lambda$ofVoidMethod$0(ExecutableInvoker.java:115)\n    at org.junit.jupiter."
    }
  ],
  "classes": [
    "Lexer"
  ]
}