{
  "bug_id": "Lang_3_bug_info",
  "results": [
    {
      "prompt_index": 1,
      "prompt": "Bug ID: 3\nTest Class: org.apache.commons.lang3.math.NumberUtilsTest\nMethod: testStringCreateNumberEnsureNoPrecisionLoss\nError: junit.framework.AssertionFailedError\nMessage: \nFailing Line:         assertTrue(NumberUtils.createNumber(shouldBeDouble) instanceof Double);\nTest Source:\npublic void testStringCreateNumberEnsureNoPrecisionLoss(){\n  String shouldBeFloat = \"1.23\";\n  String shouldBeDouble = \"3.40282354e+38\";\n  String shouldBeBigDecimal = \"1.797693134862315759e+308\";\n  \n  assertTrue(NumberUtils.createNumber(shouldBeFloat) instanceof Float);\n  assertTrue(NumberUtils.createNumber(shouldBeDouble) instanceof Double);\n  assertTrue(NumberUtils.createNumber(shouldBeBigDecimal) instanceof BigDecimal);\n  }\nStack Trace:\nNumberUtilsTest.testStringCreateNumberEnsureNoPrecisionLoss line 129\n\nReturn **only** the fully-qualified Java *source* class that contains the bug.\nDo **not** return:\n- the test class itself (e.g. com.fasterxml.jackson.databind.jsontype.ext.ExternalTypeIdWithEnum1328Test),\n- any class whose simple name starts or ends with Test, Tests, TestUtil, TestUtils, or TestHelper,\n- any test-utility class such as org.junit.Assert or org.junit.jupiter.api.Assertions.\nOutput just the class name on a single line - nothing else in this format:\nRESPONSE: <fully-qualified-class-name>\n",
      "response": "Input:\njava.lang.AssertionError: expected: <5.0> but was: <java.lang.Double@1a8e5f5>\n\nat org.junit.jupiter.api.AssertionUtils.fail(AssertionUtils.java:55)\nat org.junit.jupiter.api.AssertionUtils.failNotEqual(AssertionUtils.java:62)\nat org.junit.jupiter.api.AssertEquals.assertEquals(AssertEquals.java:182)\nat org.junit.jupiter.api.AssertEquals.assertEquals(AssertEquals.java:177)\nat org.junit.jupiter.api.Assertions.assertEquals(Assertions.java:113)\nat com.example.MyTestClass.testSomething(MyTestClass.java:25)\n\nStack Trace:\nMyTestClass.testSomething line 25\n\nInput:\njava.lang.AssertionError: expected: java.lang.String<\"hello\"> but was: java.lang.String<\"hello\">\n\nat org.junit.jupiter.api.AssertionUtils.fail(AssertionUtils.java:55)\nat org.junit.jupiter.api.AssertionUtils.failNotEqual(AssertionUtils.java:62)\nat org.junit.jupiter.api.AssertEquals.assertEquals(AssertEquals.java:182)\nat org.junit.jupiter.api.AssertEquals.assertEquals(AssertEquals.java:177)\nat org.junit.jupiter.api.Assertions.assertEquals(Assertions.java:113)\nat com.example.MyTestClass.testSomething(MyTestClass.java:25)\n\nStack Trace:\nMyTestClass.testSomething line 25\n\nInput:\norg.junit.jupiter.api.AssertionError: expected: <1.2> but was: <java.lang.Double@7c0b154>\n\nat org.junit.jupiter.api.AssertionUtils.fail(AssertionUtils.java:55)\nat org.junit.jupiter.api.AssertionUtils"
    }
  ],
  "classes": [
    "NumberUtils"
  ]
}