{
  "bug_id": "Math_5_bug_info",
  "results": [
    {
      "prompt_index": 1,
      "prompt": "Bug ID: 5\nTest Class: org.apache.commons.math3.complex.ComplexTest\nMethod: testReciprocalZero\nError: junit.framework.AssertionFailedError\nMessage: expected:<(NaN, NaN)> but was:<(Infinity, Infinity)>\nFailing Line:         Assert.assertEquals(Complex.ZERO.reciprocal(), Complex.INF);\nTest Source:\npublic void testReciprocalZero() {\n  Assert.assertEquals(Complex.ZERO.reciprocal(), Complex.INF);\n  }\nStack Trace:\nComplexTest.testReciprocalZero line 334\n\nReturn **only** the fully-qualified Java *source* class that contains the bug.\nDo **not** return:\n- the test class itself (e.g. com.fasterxml.jackson.databind.jsontype.ext.ExternalTypeIdWithEnum1328Test),\n- any class whose simple name starts or ends with Test, Tests, TestUtil, TestUtils, or TestHelper,\n- any test-utility class such as org.junit.Assert or org.junit.jupiter.api.Assertions.\nOutput just the class name on a single line - nothing else in this format:\nRESPONSE: <fully-qualified-class-name>\n",
      "response": "Input:\nError: org.junit.jupiter.api.AssertionError\n    Message: expected:<[1.0, 0.0]> but was:<[1.0, -1.0]>\n    Stack Trace:\n    org.junit.jupiter.api.AssertionError: expected:<[1.0, 0.0]> but was:<[1.0, -1.0]>\n     at org.junit.jupiter.api.AssertionUtils.fail(AssertionUtils.java:55)\n     at org.junit.jupiter.api.AssertionUtils.failNotEqual(AssertionUtils.java:62)\n     at org.junit.jupiter.api.AssertEquals.assertEquals(AssertEquals.java:182)\n     at org.junit.jupiter.api.AssertEquals.assertEquals(AssertEquals.java:170)\n     at org.junit.jupiter.api.Assertions.assertEquals(Assertions.java:1102)\n     at org.junit.jupiter.engine.descriptor.TestMethodTestDescriptor.lambda$invokeTestMethod$6(TestMethodTestDescriptor.java:157)\n     at org.junit.jupiter.engine.execution.ThrowableCollector.execute(ThrowableCollector.java:40)\n     at org.junit.jupiter.engine.descriptor.TestMethodTestDescriptor.invokeTestMethod(TestMethodTestDescriptor.java:153)\n     at org.junit.jupiter.engine.descriptor.TestMethodTestDescriptor.execute(TestMethodTestDescriptor.java:127)\n     at org.junit.jupiter.engine.descriptor.TestMethodTestDescriptor.execute(TestMethodTestDescriptor.java:65)\n     at org.junit.platform.engine.support.hierarchical.NodeTestTask.lambda$executeRecursively$5(NodeTestTask.java:139)\n     at org.junit.platform.engine.support.hierarchical.ThrowableCollector.execute(ThrowableCollector.java:73)\n     at org.junit.platform.engine.support.hierarch"
    }
  ],
  "classes": [
    "Complex"
  ]
}